[debug] [2020-11-01T11:19:48.453Z] ----------------------------------------------------------------------
[debug] [2020-11-01T11:19:48.483Z] Command:       C:\Program Files\nodejs\node.exe C:\Users\ASUS\AppData\Roaming\npm\node_modules\firebase-tools\lib\bin\firebase.js deploy
[debug] [2020-11-01T11:19:48.484Z] CLI Version:   8.10.0
[debug] [2020-11-01T11:19:48.484Z] Platform:      win32
[debug] [2020-11-01T11:19:48.484Z] Node Version:  v12.16.3
[debug] [2020-11-01T11:19:48.569Z] Time:          Sun Nov 01 2020 16:49:48 GMT+0530 (India Standard Time)
[debug] [2020-11-01T11:19:48.570Z] ----------------------------------------------------------------------
[debug] [2020-11-01T11:19:48.571Z] 
[debug] [2020-11-01T11:19:48.661Z] > command requires scopes: ["email","openid","https://www.googleapis.com/auth/cloudplatformprojects.readonly","https://www.googleapis.com/auth/firebase","https://www.googleapis.com/auth/cloud-platform"]
[debug] [2020-11-01T11:19:48.663Z] > authorizing via signed-in user
[debug] [2020-11-01T11:19:48.664Z] [iam] checking project clone-4562d for permissions ["firebase.projects.get","firebasehosting.sites.update"]
[debug] [2020-11-01T11:19:48.678Z] > refreshing access token with scopes: ["email","https://www.googleapis.com/auth/cloud-platform","https://www.googleapis.com/auth/cloudplatformprojects.readonly","https://www.googleapis.com/auth/firebase","openid"]
[debug] [2020-11-01T11:19:48.679Z] >>> HTTP REQUEST POST https://www.googleapis.com/oauth2/v3/token  
 <request body omitted>
[debug] [2020-11-01T11:19:48.809Z] [iam] error while checking permissions, command may fail: FirebaseError: Authentication Error: Your credentials are no longer valid. Please run firebase login --reauth

For CI servers and headless environments, generate a new token with firebase login:ci
[debug] [2020-11-01T11:19:48.814Z] > refreshing access token with scopes: ["email","https://www.googleapis.com/auth/cloud-platform","https://www.googleapis.com/auth/cloudplatformprojects.readonly","https://www.googleapis.com/auth/firebase","openid"]
[debug] [2020-11-01T11:19:48.815Z] >>> HTTP REQUEST POST https://www.googleapis.com/oauth2/v3/token  
 <request body omitted>
[debug] [2020-11-01T11:19:48.836Z] Authentication Error: Your credentials are no longer valid. Please run firebase login --reauth

For CI servers and headless environments, generate a new token with firebase login:ci
[debug] [2020-11-01T11:19:48.842Z] FirebaseError: Authentication Error: Your credentials are no longer valid. Please run firebase login --reauth

For CI servers and headless environments, generate a new token with firebase login:ci
    at Object.<anonymous> (C:\Users\ASUS\AppData\Roaming\npm\node_modules\firebase-tools\lib\auth.js:23:32)
    at Module._compile (internal/modules/cjs/loader.js:1133:30)
    at Object.Module._extensions..js (internal/modules/cjs/loader.js:1153:10)
    at Module.load (internal/modules/cjs/loader.js:977:32)
    at Function.Module._load (internal/modules/cjs/loader.js:877:14)
    at Module.require (internal/modules/cjs/loader.js:1019:19)
    at require (internal/modules/cjs/helpers.js:77:18)
    at Object.<anonymous> (C:\Users\ASUS\AppData\Roaming\npm\node_modules\firebase-tools\lib\init\features\hosting\github.js:20:16)
    at Module._compile (internal/modules/cjs/loader.js:1133:30)
    at Object.Module._extensions..js (internal/modules/cjs/loader.js:1153:10)
    at Module.load (internal/modules/cjs/loader.js:977:32)
    at Function.Module._load (internal/modules/cjs/loader.js:877:14)
    at Module.require (internal/modules/cjs/loader.js:1019:19)
    at require (internal/modules/cjs/helpers.js:77:18)
    at Object.<anonymous> (C:\Users\ASUS\AppData\Roaming\npm\node_modules\firebase-tools\lib\init\features\hosting\index.js:7:22)
    at Module._compile (internal/modules/cjs/loader.js:1133:30)
[error] 
[error] Error: Failed to get Firebase project clone-4562d. Please make sure the project exists and your account has permission to access it.
